<?xml version="1.0" encoding="UTF-8"?>
<testsuite name="team20.gdxtesting.requirementsUnitTests.pickUpTest" tests="3" skipped="0" failures="0" errors="0" timestamp="2023-03-20T20:46:09" hostname="nas-10-240-71-158.york.ac.uk" time="0.082">
  <properties/>
  <testcase name="test_fullStack" classname="team20.gdxtesting.requirementsUnitTests.pickUpTest" time="0.044"/>
  <testcase name="test_invalidAddStack" classname="team20.gdxtesting.requirementsUnitTests.pickUpTest" time="0.0"/>
  <testcase name="test_addStack" classname="team20.gdxtesting.requirementsUnitTests.pickUpTest" time="0.0"/>
  <system-out><![CDATA[]]></system-out>
  <system-err><![CDATA[]]></system-err>
</testsuite>
