<?xml version="1.0" encoding="UTF-8"?>
<testsuite name="team20.gdxtesting.requirementsUnitTests.pickUpTest" tests="3" skipped="0" failures="1" errors="0" timestamp="2023-03-16T15:30:29" hostname="LAPTOP-U2DPV879" time="0.056">
  <properties/>
  <testcase name="test_fullStack" classname="team20.gdxtesting.requirementsUnitTests.pickUpTest" time="0.02">
    <failure message="java.lang.ExceptionInInitializerError" type="java.lang.ExceptionInInitializerError">java.lang.ExceptionInInitializerError
	at team20.gdxtesting.requirementsUnitTests.pickUpTest.test_fullStack(pickUpTest.java:26)
	at java.base/jdk.internal.reflect.NativeMethodAccessorImpl.invoke0(Native Method)
	at java.base/jdk.internal.reflect.NativeMethodAccessorImpl.invoke(NativeMethodAccessorImpl.java:77)
	at java.base/jdk.internal.reflect.DelegatingMethodAccessorImpl.invoke(DelegatingMethodAccessorImpl.java:43)
	at java.base/java.lang.reflect.Method.invoke(Method.java:568)
	at org.junit.runners.model.FrameworkMethod$1.runReflectiveCall(FrameworkMethod.java:59)
	at org.junit.internal.runners.model.ReflectiveCallable.run(ReflectiveCallable.java:12)
	at org.junit.runners.model.FrameworkMethod.invokeExplosively(FrameworkMethod.java:56)
	at org.junit.internal.runners.statements.InvokeMethod.evaluate(InvokeMethod.java:17)
	at org.junit.runners.ParentRunner$3.evaluate(ParentRunner.java:306)
	at org.junit.runners.BlockJUnit4ClassRunner$1.evaluate(BlockJUnit4ClassRunner.java:100)
	at org.junit.runners.ParentRunner.runLeaf(ParentRunner.java:366)
	at org.junit.runners.BlockJUnit4ClassRunner.runChild(BlockJUnit4ClassRunner.java:103)
	at team20.gdxtesting.GdxTestRunner.render(GdxTestRunner.java:43)
	at com.badlogic.gdx.backends.headless.HeadlessApplication.mainLoop(HeadlessApplication.java:128)
	at com.badlogic.gdx.backends.headless.HeadlessApplication$1.run(HeadlessApplication.java:93)
Caused by: com.badlogic.gdx.utils.SharedLibraryLoadRuntimeException: Couldn't load shared library 'gdx-box2d64.dll' for target: Windows 10, 64-bit
	at app//com.badlogic.gdx.utils.SharedLibraryLoader.load(SharedLibraryLoader.java:128)
	at app//com.badlogic.gdx.physics.box2d.World.&lt;clinit&gt;(World.java:188)
	... 16 more
Caused by: com.badlogic.gdx.utils.SharedLibraryLoadRuntimeException: Unable to read file for extraction: gdx-box2d64.dll
	at app//com.badlogic.gdx.utils.SharedLibraryLoader.readFile(SharedLibraryLoader.java:137)
	at app//com.badlogic.gdx.utils.SharedLibraryLoader.loadFile(SharedLibraryLoader.java:293)
	at app//com.badlogic.gdx.utils.SharedLibraryLoader.load(SharedLibraryLoader.java:124)
	... 17 more
</failure>
  </testcase>
  <testcase name="test_invalidAddStack" classname="team20.gdxtesting.requirementsUnitTests.pickUpTest" time="0.0"/>
  <testcase name="test_addStack" classname="team20.gdxtesting.requirementsUnitTests.pickUpTest" time="0.0"/>
  <system-out><![CDATA[]]></system-out>
  <system-err><![CDATA[]]></system-err>
</testsuite>
